('start', 0)
('def', 0)
('IDENTIFIER', (23, 0))
(':', 0)
('int', 0)
(';', 0)
('def', 0)
('IDENTIFIER', (24, 0))
(':', 0)
('int', 0)
(';', 0)
('def', 0)
('IDENTIFIER', (25, 0))
(':', 0)
('int', 0)
(';', 0)
('read', 0)
('(', 0)
('IDENTIFIER', (23, 0))
(')', 0)
(';', 0)
('read', 0)
('(', 0)
('IDENTIFIER', (24, 0))
(')', 0)
(';', 0)
('read', 0)
('(', 0)
('IDENTIFIER', (25, 0))
(')', 0)
(';', 0)
('def', 0)
('IDENTIFIER', (30, 0))
(':', 0)
('int', 0)
('=', 0)
('IDENTIFIER', (23, 0))
(';', 0)
('if', 0)
('(', 0)
('IDENTIFIER', (30, 0))
('<', 0)
('IDENTIFIER', (24, 0))
(')', 0)
('then', 0)
('{', 0)
('IDENTIFIER', (30, 0))
('=', 0)
('IDENTIFIER', (24, 0))
(';', 0)
('}', 0)
('if', 0)
('(', 0)
('IDENTIFIER', (30, 0))
('<=', 0)
('IDENTIFIER', (25, 0))
(')', 0)
('then', 0)
('{', 0)
('IDENTIFIER', (30, 0))
('=', 0)
('IDENTIFIER', (25, 0))
(';', 0)
('}', 0)
('log', 0)
('(', 0)
('CONST', (32, 0))
(')', 0)
(';', 0)
('log', 0)
('(', 0)
('IDENTIFIER', (30, 0))
(')', 0)
(';', 0)
('finish', 0)
